#
# There is insufficient memory for the Java Runtime Environment to continue.
# Native memory allocation (mmap) failed to map 266338304 bytes for G1 virtual space
# Possible reasons:
#   The system is out of physical RAM or swap space
#   The process is running with CompressedOops enabled, and the Java Heap may be blocking the growth of the native heap
# Possible solutions:
#   Reduce memory load on the system
#   Increase physical memory or swap space
#   Check if swap backing store is full
#   Decrease Java heap size (-Xmx/-Xms)
#   Decrease number of Java threads
#   Decrease Java thread stack sizes (-Xss)
#   Set larger code cache with -XX:ReservedCodeCacheSize=
#   JVM is running with Zero Based Compressed Oops mode in which the Java heap is
#     placed in the first 32GB address space. The Java Heap base address is the
#     maximum limit for the native heap growth. Please use -XX:HeapBaseMinAddress
#     to set the Java Heap base and to place the Java Heap above 32GB virtual address.
# This output file may be truncated or incomplete.
#
#  Out of Memory Error (os_windows.cpp:3769), pid=20144, tid=13320
#
# JRE version:  (17.0.6+10) (build )
# Java VM: OpenJDK 64-Bit Server VM (17.0.6+10-b829.5, mixed mode, sharing, tiered, compressed oops, compressed class ptrs, g1 gc, windows-amd64)
# No core dump will be written. Minidumps are not enabled by default on client versions of Windows
#

---------------  S U M M A R Y ------------

Command Line: externalApp.nativessh.NativeSshAskPassApp Enter passphrase for key '/c/Users/ssadminn/.ssh/id_ed25519': 

Host: Intel(R) Core(TM) i3-8300 CPU @ 3.70GHz, 4 cores, 15G,  Windows 10 , 64 bit Build 19041 (10.0.19041.3031)
Time: Sat Jun 24 14:13:23 2023  Windows 10 , 64 bit Build 19041 (10.0.19041.3031) elapsed time: 0.024613 seconds (0d 0h 0m 0s)

---------------  T H R E A D  ---------------

Current thread (0x000001cebd2dee50):  JavaThread "Unknown thread" [_thread_in_vm, id=13320, stack(0x0000000c86200000,0x0000000c86300000)]

Stack: [0x0000000c86200000,0x0000000c86300000]
Native frames: (J=compiled Java code, j=interpreted, Vv=VM code, C=native code)
V  [jvm.dll+0x683b4a]
V  [jvm.dll+0x842654]
V  [jvm.dll+0x843dfe]
V  [jvm.dll+0x844463]
V  [jvm.dll+0x249b75]
V  [jvm.dll+0x680a19]
V  [jvm.dll+0x674f0a]
V  [jvm.dll+0x309acb]
V  [jvm.dll+0x310f86]
V  [jvm.dll+0x3608ee]
V  [jvm.dll+0x360b1f]
V  [jvm.dll+0x2dfbf8]
V  [jvm.dll+0x2e0b64]
V  [jvm.dll+0x813f41]
V  [jvm.dll+0x36e6a1]
V  [jvm.dll+0x7f347c]
V  [jvm.dll+0x3f0e8f]
V  [jvm.dll+0x3f29d1]
C  [jli.dll+0x526b]
C  [ucrtbase.dll+0x21bb2]
C  [KERNEL32.DLL+0x17614]
C  [ntdll.dll+0x526f1]


---------------  P R O C E S S  ---------------

Threads class SMR info:
_java_thread_list=0x00007ff8c4c8c058, length=0, elements={
}

Java Threads: ( => current thread )

Other Threads:
  0x000001cebd34a710 GCTaskThread "GC Thread#0" [stack: 0x0000000c86300000,0x0000000c86400000] [id=21184]
  0x000001cebd35b450 ConcurrentGCThread "G1 Main Marker" [stack: 0x0000000c86400000,0x0000000c86500000] [id=16200]
  0x000001cebd35be60 ConcurrentGCThread "G1 Conc#0" [stack: 0x0000000c86500000,0x0000000c86600000] [id=16544]

[error occurred during error reporting (printing all threads), id 0xc0000005, EXCEPTION_ACCESS_VIOLATION (0xc0000005) at pc=0x00007ff8c4440797]

VM state: not at safepoint (not fully initialized)

VM Mutex/Monitor currently owned by a thread:  ([mutex/lock_event])
[0x000001cebd2da9f0] Heap_lock - owner thread: 0x000001cebd2dee50

Heap address: 0x0000000702000000, size: 4064 MB, Compressed Oops mode: Zero based, Oop shift amount: 3

CDS archive(s) mapped at: [0x0000000000000000-0x0000000000000000-0x0000000000000000), size 0, SharedBaseAddress: 0x0000000800000000, ArchiveRelocationMode: 0.
Narrow klass base: 0x0000000000000000, Narrow klass shift: 0, Narrow klass range: 0x0

GC Precious Log:
<Empty>

Heap:
 garbage-first heap   total 0K, used 0K [0x0000000702000000, 0x0000000800000000)
  region size 2048K, 0 young (0K), 0 survivors (0K)

[error occurred during error reporting (printing heap information), id 0xc0000005, EXCEPTION_ACCESS_VIOLATION (0xc0000005) at pc=0x00007ff8c482d939]

GC Heap History (0 events):
No events

Dll operation events (1 events):
Event: 0.014 Loaded shared library C:\Program Files\JetBrains\IntelliJ IDEA 2023.1\jbr\bin\java.dll

Deoptimization events (0 events):
No events

Classes unloaded (0 events):
No events

Classes redefined (0 events):
No events

Internal exceptions (0 events):
No events

VM Operations (0 events):
No events

Events (0 events):
No events


Dynamic libraries:
0x00007ff6a5840000 - 0x00007ff6a584a000 	C:\Program Files\JetBrains\IntelliJ IDEA 2023.1\jbr\bin\java.exe
0x00007ff92e850000 - 0x00007ff92ea48000 	C:\WINDOWS\SYSTEM32\ntdll.dll
0x00007ff92e550000 - 0x00007ff92e60f000 	C:\WINDOWS\System32\KERNEL32.DLL
0x00007ff92c4f0000 - 0x00007ff92c7e6000 	C:\WINDOWS\System32\KERNELBASE.dll
0x00007ff92bfb0000 - 0x00007ff92c0b0000 	C:\WINDOWS\System32\ucrtbase.dll
0x00007ff8ff140000 - 0x00007ff8ff157000 	C:\Program Files\JetBrains\IntelliJ IDEA 2023.1\jbr\bin\jli.dll
0x00007ff9257f0000 - 0x00007ff92580b000 	C:\Program Files\JetBrains\IntelliJ IDEA 2023.1\jbr\bin\VCRUNTIME140.dll
0x00007ff92e3b0000 - 0x00007ff92e54d000 	C:\WINDOWS\System32\USER32.dll
0x00007ff910120000 - 0x00007ff9103ba000 	C:\WINDOWS\WinSxS\amd64_microsoft.windows.common-controls_6595b64144ccf1df_6.0.19041.1110_none_60b5254171f9507e\COMCTL32.dll
0x00007ff92c2c0000 - 0x00007ff92c2e2000 	C:\WINDOWS\System32\win32u.dll
0x00007ff92d740000 - 0x00007ff92d76c000 	C:\WINDOWS\System32\GDI32.dll
0x00007ff92c170000 - 0x00007ff92c285000 	C:\WINDOWS\System32\gdi32full.dll
0x00007ff92c2f0000 - 0x00007ff92c38d000 	C:\WINDOWS\System32\msvcp_win.dll
0x00007ff92d9e0000 - 0x00007ff92da7e000 	C:\WINDOWS\System32\msvcrt.dll
0x00007ff92cfb0000 - 0x00007ff92cfe0000 	C:\WINDOWS\System32\IMM32.DLL
0x00007ff9275f0000 - 0x00007ff9275fc000 	C:\Program Files\JetBrains\IntelliJ IDEA 2023.1\jbr\bin\vcruntime140_1.dll
0x00007ff8f32c0000 - 0x00007ff8f334d000 	C:\Program Files\JetBrains\IntelliJ IDEA 2023.1\jbr\bin\msvcp140.dll
0x00007ff8c4150000 - 0x00007ff8c4dbd000 	C:\Program Files\JetBrains\IntelliJ IDEA 2023.1\jbr\bin\server\jvm.dll
0x00007ff92cc20000 - 0x00007ff92cccf000 	C:\WINDOWS\System32\ADVAPI32.dll
0x00007ff92e610000 - 0x00007ff92e6ac000 	C:\WINDOWS\System32\sechost.dll
0x00007ff92e280000 - 0x00007ff92e3a6000 	C:\WINDOWS\System32\RPCRT4.dll
0x00007ff925560000 - 0x00007ff925569000 	C:\WINDOWS\SYSTEM32\WSOCK32.dll
0x00007ff925990000 - 0x00007ff9259b7000 	C:\WINDOWS\SYSTEM32\WINMM.dll
0x00007ff926880000 - 0x00007ff92688a000 	C:\WINDOWS\SYSTEM32\VERSION.dll
0x00007ff92d850000 - 0x00007ff92d8bb000 	C:\WINDOWS\System32\WS2_32.dll
0x00007ff929a00000 - 0x00007ff929a12000 	C:\WINDOWS\SYSTEM32\kernel.appcore.dll
0x00007ff91c380000 - 0x00007ff91c38a000 	C:\Program Files\JetBrains\IntelliJ IDEA 2023.1\jbr\bin\jimage.dll
0x00007ff907300000 - 0x00007ff9074e4000 	C:\WINDOWS\SYSTEM32\DBGHELP.DLL
0x00007ff907980000 - 0x00007ff9079b4000 	C:\WINDOWS\SYSTEM32\dbgcore.DLL
0x00007ff92c7f0000 - 0x00007ff92c872000 	C:\WINDOWS\System32\bcryptPrimitives.dll
0x00007ff8ff160000 - 0x00007ff8ff185000 	C:\Program Files\JetBrains\IntelliJ IDEA 2023.1\jbr\bin\java.dll

dbghelp: loaded successfully - version: 4.0.5 - missing functions: none
symbol engine: initialized successfully - sym options: 0x614 - pdb path: .;C:\Program Files\JetBrains\IntelliJ IDEA 2023.1\jbr\bin;C:\WINDOWS\SYSTEM32;C:\WINDOWS\WinSxS\amd64_microsoft.windows.common-controls_6595b64144ccf1df_6.0.19041.1110_none_60b5254171f9507e;C:\Program Files\JetBrains\IntelliJ IDEA 2023.1\jbr\bin\server

VM Arguments:
java_command: externalApp.nativessh.NativeSshAskPassApp Enter passphrase for key '/c/Users/ssadminn/.ssh/id_ed25519': 
java_class_path (initial): C:/Program Files/JetBrains/IntelliJ IDEA 2023.1/lib/externalProcess-rt.jar
Launcher Type: SUN_STANDARD

[Global flags]
     intx CICompilerCount                          = 3                                         {product} {ergonomic}
     uint ConcGCThreads                            = 1                                         {product} {ergonomic}
     uint G1ConcRefinementThreads                  = 4                                         {product} {ergonomic}
   size_t G1HeapRegionSize                         = 2097152                                   {product} {ergonomic}
    uintx GCDrainStackTargetSize                   = 64                                        {product} {ergonomic}
   size_t InitialHeapSize                          = 266338304                                 {product} {ergonomic}
   size_t MarkStackSize                            = 4194304                                   {product} {ergonomic}
   size_t MaxHeapSize                              = 4261412864                                {product} {ergonomic}
   size_t MinHeapDeltaBytes                        = 2097152                                   {product} {ergonomic}
   size_t MinHeapSize                              = 8388608                                   {product} {ergonomic}
    uintx NonNMethodCodeHeapSize                   = 5832780                                {pd product} {ergonomic}
    uintx NonProfiledCodeHeapSize                  = 122912730                              {pd product} {ergonomic}
    uintx ProfiledCodeHeapSize                     = 122912730                              {pd product} {ergonomic}
    uintx ReservedCodeCacheSize                    = 251658240                              {pd product} {ergonomic}
     bool SegmentedCodeCache                       = true                                      {product} {ergonomic}
   size_t SoftMaxHeapSize                          = 4261412864                             {manageable} {ergonomic}
     bool UseCompressedClassPointers               = true                           {product lp64_product} {ergonomic}
     bool UseCompressedOops                        = true                           {product lp64_product} {ergonomic}
     bool UseG1GC                                  = true                                      {product} {ergonomic}
     bool UseLargePagesIndividualAllocation        = false                                  {pd product} {ergonomic}

Logging:
Log output configuration:
 #0: stdout all=warning uptime,level,tags
 #1: stderr all=off uptime,level,tags

Environment Variables:
JAVA_HOME=C:\java\Amazon Corretto\jdk11.0.16_9
PATH=C:\Program Files\Git\mingw64\libexec\git-core;C:\Program Files\Git\mingw64\bin;C:\Program Files\Git\usr\bin;C:\Users\ssadminn\bin;C:\java\Amazon Corretto\jdk11.0.16_9\bin;C:\Program Files\Common Files\Oracle\Java\javapath;C:\Program Files (x86)\Common Files\Oracle\Java\javapath;C:\Program Files (x86)\Pervasive Software\PSQL\bin;C:\WINDOWS\system32;C:\WINDOWS;C:\WINDOWS\System32\Wbem;C:\WINDOWS\System32\WindowsPowerShell\v1.0;C:\WINDOWS\System32\OpenSSH;C:\Program Files (x86)\Windows Kits\10\Windows Performance Toolkit;C:\Program Files\Microsoft SQL Server\110\Tools\Binn;C:\Program Files\dotnet;C:\Program Files\PuTTY;C:\Program Files\Microsoft SQL Server\Client SDK\ODBC\170\Tools\Binn;C:\Program Files (x86)\Microsoft SQL Server\150\Tools\Binn;C:\Program Files\Microsoft SQL Server\150\Tools\Binn;C:\Program Files\Microsoft SQL Server\150\DTS\Binn;C:\Program Files (x86)\Microsoft SQL Server\150\DTS\Binn;C:\Program Files\Azure Data Studio\bin;C:\Program Files\SourceGear\Common\DiffMerge;C:\ProgramData\chocolatey\bin;C:\Program Files\Git\cmd;C:\Program Files (x86)\AOMEI\AOMEI Backupper\7.1.2;C:\Users\ssadminn\AppData\Roaming\.dotnet;C:\Users\ssadminn\AppData\Local\Microsoft\WindowsApps;C:\Program Files (x86)\Nmap;C:\Program Files\JetBrains\IntelliJ IDEA Community Edition 2022.2.3\bin;C:\Java\jdk-18.0.2.1\bin;C:\Users\ssadminn\AppData\Local\Programs\Microsoft VS Code\bin;C:\Users\ssadminn\.dotnet\tools;C:\Program Files\JetBrains\IntelliJ IDEA 2023.1\bin
USERNAME=ssadminn
DISPLAY=:0.0
LC_ALL=en_US.UTF-8
TERM=xterm-256color
TMPDIR=C:\Temp
OS=Windows_NT
PROCESSOR_IDENTIFIER=Intel64 Family 6 Model 158 Stepping 11, GenuineIntel
TMP=C:\Temp
TEMP=C:\Temp



---------------  S Y S T E M  ---------------

OS:
 Windows 10 , 64 bit Build 19041 (10.0.19041.3031)
OS uptime: 5 days 2:08 hours
Hyper-V role detected

CPU: total 4 (initial active 4) (4 cores per cpu, 1 threads per core) family 6 model 158 stepping 11 microcode 0xb4, cx8, cmov, fxsr, mmx, 3dnowpref, sse, sse2, sse3, ssse3, sse4.1, sse4.2, popcnt, lzcnt, tsc, tscinvbit, avx, avx2, aes, erms, clmul, bmi1, bmi2, adx, fma, vzeroupper, clflush, clflushopt, hv

Memory: 4k page, system-wide physical 16255M (272M free)
TotalPageFile size 24351M (AvailPageFile size 167M)
current process WorkingSet (physical memory assigned to process): 10M, peak: 10M
current process commit charge ("private bytes"): 51M, peak: 305M

vm_info: OpenJDK 64-Bit Server VM (17.0.6+10-b829.5) for windows-amd64 JRE (17.0.6+10-b829.5), built on 2023-02-24 by "builduser" with MS VC++ 16.10 / 16.11 (VS2019)

END.
